<?xml version="1.0" encoding="UTF-8"?>
<!-- Generated by org.testng.reporters.JUnitReportReporter -->
<testsuite hostname="MAVPUN1121205" failures="0" tests="1" name="day4.ParsingResponseData" time="0.981" errors="0" timestamp="2024-08-05T21:55:16 IST" skipped="0">
  <testcase classname="day4.ParsingResponseData" name="testJsonResponse" time="0.981"/>
  <system-out/>
</testsuite> <!-- day4.ParsingResponseData -->
