<?xml version="1.0" encoding="UTF-8"?>
<!-- Generated by org.testng.reporters.JUnitReportReporter -->
<testsuite hostname="MAVPUN1121205" failures="0" tests="4" name="day1.HTTPRequests" time="4.157" errors="0" timestamp="2024-07-27T14:09:30 IST" skipped="0">
  <testcase classname="day1.HTTPRequests" name="getUsers" time="2.075"/>
  <system-out/>
  <testcase classname="day1.HTTPRequests" name="createUser" time="0.943"/>
  <system-out/>
  <testcase classname="day1.HTTPRequests" name="updateUser" time="0.532"/>
  <system-out/>
  <testcase classname="day1.HTTPRequests" name="deleteUser" time="0.607"/>
  <system-out/>
</testsuite> <!-- day1.HTTPRequests -->
